{"level":"info","message":"Listening to port 3000...","timestamp":"2018-11-13T05:30:28.848Z"}
{"level":"info","message":"Server on development environment...","timestamp":"2018-11-13T05:30:28.850Z"}
{"level":"info","message":"Listening to port 3000...","timestamp":"2018-11-13T05:33:37.726Z"}
{"level":"info","message":"Server on development environment...","timestamp":"2018-11-13T05:33:37.728Z"}
{"level":"info","message":"Listening to port 3000...","timestamp":"2018-11-13T05:34:43.700Z"}
{"level":"info","message":"Server on development environment...","timestamp":"2018-11-13T05:34:43.703Z"}
{"message":"Assignment to constant variable.","stack":"TypeError: Assignment to constant variable.\n    at router.get (C:\\Or\\Web\\JobTests\\_Solution\\Server\\routes\\photos.js:14:12)\n    at process._tickCallback (internal/process/next_tick.js:68:7)","level":"error","timestamp":"2018-11-13T05:34:58.351Z"}
{"level":"info","message":"Listening to port 3000...","timestamp":"2018-11-13T05:35:27.094Z"}
{"level":"info","message":"Server on development environment...","timestamp":"2018-11-13T05:35:27.096Z"}
{"message":"Assignment to constant variable.","stack":"TypeError: Assignment to constant variable.\n    at router.get (C:\\Or\\Web\\JobTests\\_Solution\\Server\\routes\\photos.js:14:12)\n    at process._tickCallback (internal/process/next_tick.js:68:7)","level":"error","timestamp":"2018-11-13T05:35:36.638Z"}
{"level":"info","message":"Listening to port 3000...","timestamp":"2018-11-13T05:36:13.753Z"}
{"level":"info","message":"Server on development environment...","timestamp":"2018-11-13T05:36:13.755Z"}
{"message":"Assignment to constant variable.","stack":"TypeError: Assignment to constant variable.\n    at router.get (C:\\Or\\Web\\JobTests\\_Solution\\Server\\routes\\photos.js:14:12)\n    at process._tickCallback (internal/process/next_tick.js:68:7)","level":"error","timestamp":"2018-11-13T05:36:23.965Z"}
{"level":"info","message":"Listening to port 3000...","timestamp":"2018-11-13T05:38:16.050Z"}
{"level":"info","message":"Server on development environment...","timestamp":"2018-11-13T05:38:16.052Z"}
{"message":"Assignment to constant variable.","stack":"TypeError: Assignment to constant variable.\n    at router.get (C:\\Or\\Web\\JobTests\\_Solution\\Server\\routes\\photos.js:14:12)\n    at process._tickCallback (internal/process/next_tick.js:68:7)","level":"error","timestamp":"2018-11-13T05:40:10.195Z"}
{"level":"info","message":"Listening to port 3000...","timestamp":"2018-11-13T05:41:52.462Z"}
{"level":"info","message":"Server on development environment...","timestamp":"2018-11-13T05:41:52.463Z"}
{"message":"Assignment to constant variable.","stack":"TypeError: Assignment to constant variable.\n    at router.get (C:\\Or\\Web\\JobTests\\_Solution\\Server\\routes\\photos.js:14:12)\n    at process._tickCallback (internal/process/next_tick.js:68:7)","level":"error","timestamp":"2018-11-13T05:42:12.976Z"}
{"level":"info","message":"Listening to port 3000...","timestamp":"2018-11-13T05:43:05.920Z"}
{"level":"info","message":"Server on development environment...","timestamp":"2018-11-13T05:43:05.922Z"}
{"level":"info","message":"Listening to port 3000...","timestamp":"2018-11-13T05:45:15.072Z"}
{"level":"info","message":"Server on development environment...","timestamp":"2018-11-13T05:45:15.074Z"}
{"level":"info","message":"Listening to port 3000...","timestamp":"2018-11-13T05:46:01.697Z"}
{"level":"info","message":"Server on development environment...","timestamp":"2018-11-13T05:46:01.698Z"}
{"level":"info","message":"Listening to port 3000...","timestamp":"2018-11-13T05:47:10.188Z"}
{"level":"info","message":"Server on development environment...","timestamp":"2018-11-13T05:47:10.190Z"}
{"message":"Converting circular structure to JSON","stack":"TypeError: Converting circular structure to JSON\n    at JSON.stringify (<anonymous>)\n    at stringify (C:\\Or\\Web\\JobTests\\_Solution\\Server\\node_modules\\express\\lib\\response.js:1119:12)\n    at ServerResponse.json (C:\\Or\\Web\\JobTests\\_Solution\\Server\\node_modules\\express\\lib\\response.js:260:14)\n    at ServerResponse.send (C:\\Or\\Web\\JobTests\\_Solution\\Server\\node_modules\\express\\lib\\response.js:158:21)\n    at router.get (C:\\Or\\Web\\JobTests\\_Solution\\Server\\routes\\photos.js:18:28)\n    at process._tickCallback (internal/process/next_tick.js:68:7)","level":"error","timestamp":"2018-11-13T05:47:37.498Z"}
{"level":"info","message":"Listening to port 3000...","timestamp":"2018-11-13T05:48:05.117Z"}
{"level":"info","message":"Server on development environment...","timestamp":"2018-11-13T05:48:05.119Z"}
{"level":"info","message":"Listening to port 3000...","timestamp":"2018-11-13T05:49:37.166Z"}
{"level":"info","message":"Server on development environment...","timestamp":"2018-11-13T05:49:37.167Z"}
{"level":"info","message":"Listening to port 3000...","timestamp":"2018-11-13T05:53:41.781Z"}
{"level":"info","message":"Server on development environment...","timestamp":"2018-11-13T05:53:41.783Z"}
{"level":"info","message":"Listening to port 3000...","timestamp":"2018-11-13T06:33:15.090Z"}
{"level":"info","message":"Server on development environment...","timestamp":"2018-11-13T06:33:15.091Z"}
{"level":"info","message":"Listening to port 3000...","timestamp":"2018-11-13T06:36:09.024Z"}
{"level":"info","message":"Server on development environment...","timestamp":"2018-11-13T06:36:09.026Z"}
{"level":"info","message":"Listening to port 3000...","timestamp":"2018-11-13T06:39:06.955Z"}
{"level":"info","message":"Server on development environment...","timestamp":"2018-11-13T06:39:06.958Z"}
{"level":"info","message":"Listening to port 3000...","timestamp":"2018-11-13T06:42:50.830Z"}
{"level":"info","message":"Server on development environment...","timestamp":"2018-11-13T06:42:50.831Z"}
{"level":"info","message":"Listening to port 3000...","timestamp":"2018-11-13T06:43:46.810Z"}
{"level":"info","message":"Server on development environment...","timestamp":"2018-11-13T06:43:46.812Z"}
{"message":"Failed to get photos","stack":"Error: Failed to get photos\n    at getPhotos (C:\\Or\\Web\\JobTests\\_Solution\\Server\\api\\apiCall.js:14:15)\n    at process._tickCallback (internal/process/next_tick.js:68:7)","level":"error","timestamp":"2018-11-13T06:44:48.212Z"}
{"level":"info","message":"Listening to port 3000...","timestamp":"2018-11-13T06:45:51.237Z"}
{"level":"info","message":"Server on development environment...","timestamp":"2018-11-13T06:45:51.239Z"}
{"level":"info","message":"Listening to port 3000...","timestamp":"2018-11-13T06:47:37.044Z"}
{"level":"info","message":"Server on development environment...","timestamp":"2018-11-13T06:47:37.046Z"}
{"level":"info","message":"Listening to port 3000...","timestamp":"2018-11-13T06:49:33.001Z"}
{"level":"info","message":"Server on development environment...","timestamp":"2018-11-13T06:49:33.003Z"}
{"level":"info","message":"Listening to port 3000...","timestamp":"2018-11-13T06:51:28.302Z"}
{"level":"info","message":"Server on development environment...","timestamp":"2018-11-13T06:51:28.304Z"}
{"level":"info","message":"Listening to port 3000...","timestamp":"2018-11-13T06:52:40.182Z"}
{"level":"info","message":"Server on development environment...","timestamp":"2018-11-13T06:52:40.184Z"}
{"level":"info","message":"Listening to port 3000...","timestamp":"2018-11-13T06:53:15.413Z"}
{"level":"info","message":"Server on development environment...","timestamp":"2018-11-13T06:53:15.415Z"}
{"message":"Failed to get photos","stack":"Error: Failed to get photos\n    at getPhotos (C:\\Or\\Web\\JobTests\\_Solution\\Server\\api\\apiCall.js:14:15)\n    at process._tickCallback (internal/process/next_tick.js:68:7)","level":"error","timestamp":"2018-11-13T06:55:07.252Z"}
{"level":"info","message":"Listening to port 3000...","timestamp":"2018-11-13T06:56:04.334Z"}
{"level":"info","message":"Server on development environment...","timestamp":"2018-11-13T06:56:04.336Z"}
{"message":"Failed to get photos","stack":"Error: Failed to get photos\n    at getPhotos (C:\\Or\\Web\\JobTests\\_Solution\\Server\\api\\apiCall.js:15:15)\n    at process._tickCallback (internal/process/next_tick.js:68:7)","level":"error","timestamp":"2018-11-13T06:58:49.532Z"}
{"level":"info","message":"Listening to port 3000...","timestamp":"2018-11-13T07:00:11.258Z"}
{"level":"info","message":"Server on development environment...","timestamp":"2018-11-13T07:00:11.260Z"}
{"level":"info","message":"Listening to port 3000...","timestamp":"2018-11-13T07:02:00.034Z"}
{"level":"info","message":"Server on development environment...","timestamp":"2018-11-13T07:02:00.036Z"}
{"level":"info","message":"Listening to port 3000...","timestamp":"2018-11-13T07:34:57.271Z"}
{"level":"info","message":"Server on development environment...","timestamp":"2018-11-13T07:34:57.273Z"}
{"level":"info","message":"Listening to port 3000...","timestamp":"2018-11-13T07:40:28.033Z"}
{"level":"info","message":"Server on development environment...","timestamp":"2018-11-13T07:40:28.035Z"}
{"level":"info","message":"Listening to port 3000...","timestamp":"2018-11-13T07:53:57.449Z"}
{"level":"info","message":"Server on development environment...","timestamp":"2018-11-13T07:53:57.450Z"}
{"level":"info","message":"Listening to port 3000...","timestamp":"2018-11-13T07:55:12.517Z"}
{"level":"info","message":"Server on development environment...","timestamp":"2018-11-13T07:55:12.519Z"}
{"level":"info","message":"Listening to port 3000...","timestamp":"2018-11-13T07:56:30.467Z"}
{"level":"info","message":"Server on development environment...","timestamp":"2018-11-13T07:56:30.469Z"}
{"level":"info","message":"Listening to port 3000...","timestamp":"2018-11-13T07:57:29.136Z"}
{"level":"info","message":"Server on development environment...","timestamp":"2018-11-13T07:57:29.138Z"}
{"level":"info","message":"Listening to port 3000...","timestamp":"2018-11-13T07:59:07.383Z"}
{"level":"info","message":"Server on development environment...","timestamp":"2018-11-13T07:59:07.385Z"}
{"level":"info","message":"Listening to port 3000...","timestamp":"2018-11-13T08:00:52.732Z"}
{"level":"info","message":"Server on development environment...","timestamp":"2018-11-13T08:00:52.734Z"}
{"level":"info","message":"Listening to port 3000...","timestamp":"2018-11-13T08:37:15.612Z"}
{"level":"info","message":"Server on development environment...","timestamp":"2018-11-13T08:37:15.614Z"}
{"level":"info","message":"Listening to port 3000...","timestamp":"2018-11-13T08:45:12.365Z"}
{"level":"info","message":"Server on development environment...","timestamp":"2018-11-13T08:45:12.367Z"}
{"message":"res is not defined","stack":"ReferenceError: res is not defined\n    at getAllPhotos (C:\\Or\\Web\\JobTests\\_Solution\\Server\\routes\\photos.js:17:9)\n    at router.get (C:\\Or\\Web\\JobTests\\_Solution\\Server\\routes\\photos.js:52:29)\n    at newFn (C:\\Or\\Web\\JobTests\\_Solution\\Server\\node_modules\\express-async-errors\\index.js:16:20)\n    at Layer.handle [as handle_request] (C:\\Or\\Web\\JobTests\\_Solution\\Server\\node_modules\\express\\lib\\router\\layer.js:95:5)\n    at next (C:\\Or\\Web\\JobTests\\_Solution\\Server\\node_modules\\express\\lib\\router\\route.js:137:13)\n    at Route.dispatch (C:\\Or\\Web\\JobTests\\_Solution\\Server\\node_modules\\express\\lib\\router\\route.js:112:3)\n    at newFn (C:\\Or\\Web\\JobTests\\_Solution\\Server\\node_modules\\express-async-errors\\index.js:16:20)\n    at Layer.handle [as handle_request] (C:\\Or\\Web\\JobTests\\_Solution\\Server\\node_modules\\express\\lib\\router\\layer.js:95:5)\n    at C:\\Or\\Web\\JobTests\\_Solution\\Server\\node_modules\\express\\lib\\router\\index.js:281:22\n    at param (C:\\Or\\Web\\JobTests\\_Solution\\Server\\node_modules\\express\\lib\\router\\index.js:354:14)","level":"error","timestamp":"2018-11-13T08:45:33.127Z"}
{"level":"info","message":"Listening to port 3000...","timestamp":"2018-11-13T08:46:38.089Z"}
{"level":"info","message":"Server on development environment...","timestamp":"2018-11-13T08:46:38.091Z"}
{"message":"allPhotos.find is not a function","stack":"TypeError: allPhotos.find is not a function\n    at router.get (C:\\Or\\Web\\JobTests\\_Solution\\Server\\routes\\photos.js:60:29)\n    at process._tickCallback (internal/process/next_tick.js:68:7)","level":"error","timestamp":"2018-11-13T08:46:52.678Z"}
{"level":"info","message":"Listening to port 3000...","timestamp":"2018-11-13T08:49:11.644Z"}
{"level":"info","message":"Server on development environment...","timestamp":"2018-11-13T08:49:11.646Z"}
{"message":"Object passed is not an array","stack":"Error: Object passed is not an array\n    at parsePhotos (C:\\Or\\Web\\JobTests\\_Solution\\Server\\models\\photo.js:76:15)\n    at getAllPhotos (C:\\Or\\Web\\JobTests\\_Solution\\Server\\routes\\photos.js:22:21)\n    at process._tickCallback (internal/process/next_tick.js:68:7)","level":"error","timestamp":"2018-11-13T08:49:23.247Z"}
{"level":"info","message":"Listening to port 3000...","timestamp":"2018-11-13T08:49:55.434Z"}
{"level":"info","message":"Server on development environment...","timestamp":"2018-11-13T08:49:55.436Z"}
{"message":"Object passed is not an array","stack":"Error: Object passed is not an array\n    at parsePhotos (C:\\Or\\Web\\JobTests\\_Solution\\Server\\models\\photo.js:76:15)\n    at getAllPhotos (C:\\Or\\Web\\JobTests\\_Solution\\Server\\routes\\photos.js:22:21)\n    at process._tickCallback (internal/process/next_tick.js:68:7)","level":"error","timestamp":"2018-11-13T08:50:02.407Z"}
{"level":"info","message":"Listening to port 3000...","timestamp":"2018-11-13T08:51:36.808Z"}
{"level":"info","message":"Server on development environment...","timestamp":"2018-11-13T08:51:36.809Z"}
{"message":"Object passed is not an array","stack":"Error: Object passed is not an array\n    at parsePhotos (C:\\Or\\Web\\JobTests\\_Solution\\Server\\models\\photo.js:76:15)\n    at getAllPhotos (C:\\Or\\Web\\JobTests\\_Solution\\Server\\routes\\photos.js:23:21)\n    at process._tickCallback (internal/process/next_tick.js:68:7)","level":"error","timestamp":"2018-11-13T08:51:50.646Z"}
{"level":"info","message":"Listening to port 3000...","timestamp":"2018-11-13T08:52:43.265Z"}
{"level":"info","message":"Server on development environment...","timestamp":"2018-11-13T08:52:43.266Z"}
{"message":"res is not defined","stack":"ReferenceError: res is not defined\n    at getAllPhotos (C:\\Or\\Web\\JobTests\\_Solution\\Server\\routes\\photos.js:18:9)\n    at router.get (C:\\Or\\Web\\JobTests\\_Solution\\Server\\routes\\photos.js:53:29)\n    at newFn (C:\\Or\\Web\\JobTests\\_Solution\\Server\\node_modules\\express-async-errors\\index.js:16:20)\n    at Layer.handle [as handle_request] (C:\\Or\\Web\\JobTests\\_Solution\\Server\\node_modules\\express\\lib\\router\\layer.js:95:5)\n    at next (C:\\Or\\Web\\JobTests\\_Solution\\Server\\node_modules\\express\\lib\\router\\route.js:137:13)\n    at Route.dispatch (C:\\Or\\Web\\JobTests\\_Solution\\Server\\node_modules\\express\\lib\\router\\route.js:112:3)\n    at newFn (C:\\Or\\Web\\JobTests\\_Solution\\Server\\node_modules\\express-async-errors\\index.js:16:20)\n    at Layer.handle [as handle_request] (C:\\Or\\Web\\JobTests\\_Solution\\Server\\node_modules\\express\\lib\\router\\layer.js:95:5)\n    at C:\\Or\\Web\\JobTests\\_Solution\\Server\\node_modules\\express\\lib\\router\\index.js:281:22\n    at param (C:\\Or\\Web\\JobTests\\_Solution\\Server\\node_modules\\express\\lib\\router\\index.js:354:14)","level":"error","timestamp":"2018-11-13T08:53:03.959Z"}
{"level":"info","message":"Listening to port 3000...","timestamp":"2018-11-13T08:54:28.866Z"}
{"level":"info","message":"Server on development environment...","timestamp":"2018-11-13T08:54:28.868Z"}
{"message":"res is not defined","stack":"ReferenceError: res is not defined\n    at getAllPhotos (C:\\Or\\Web\\JobTests\\_Solution\\Server\\routes\\photos.js:18:9)\n    at router.get (C:\\Or\\Web\\JobTests\\_Solution\\Server\\routes\\photos.js:53:29)\n    at newFn (C:\\Or\\Web\\JobTests\\_Solution\\Server\\node_modules\\express-async-errors\\index.js:16:20)\n    at Layer.handle [as handle_request] (C:\\Or\\Web\\JobTests\\_Solution\\Server\\node_modules\\express\\lib\\router\\layer.js:95:5)\n    at next (C:\\Or\\Web\\JobTests\\_Solution\\Server\\node_modules\\express\\lib\\router\\route.js:137:13)\n    at Route.dispatch (C:\\Or\\Web\\JobTests\\_Solution\\Server\\node_modules\\express\\lib\\router\\route.js:112:3)\n    at newFn (C:\\Or\\Web\\JobTests\\_Solution\\Server\\node_modules\\express-async-errors\\index.js:16:20)\n    at Layer.handle [as handle_request] (C:\\Or\\Web\\JobTests\\_Solution\\Server\\node_modules\\express\\lib\\router\\layer.js:95:5)\n    at C:\\Or\\Web\\JobTests\\_Solution\\Server\\node_modules\\express\\lib\\router\\index.js:281:22\n    at param (C:\\Or\\Web\\JobTests\\_Solution\\Server\\node_modules\\express\\lib\\router\\index.js:354:14)","level":"error","timestamp":"2018-11-13T08:56:46.351Z"}
{"level":"info","message":"Listening to port 3000...","timestamp":"2018-11-13T08:57:33.162Z"}
{"level":"info","message":"Server on development environment...","timestamp":"2018-11-13T08:57:33.163Z"}
{"level":"info","message":"Listening to port 3000...","timestamp":"2018-11-13T08:58:28.413Z"}
{"level":"info","message":"Server on development environment...","timestamp":"2018-11-13T08:58:28.415Z"}
{"level":"info","message":"Listening to port 3000...","timestamp":"2018-11-13T09:00:08.101Z"}
{"level":"info","message":"Server on development environment...","timestamp":"2018-11-13T09:00:08.104Z"}
{"level":"info","message":"Listening to port 3000...","timestamp":"2018-11-13T09:05:34.324Z"}
{"level":"info","message":"Server on development environment...","timestamp":"2018-11-13T09:05:34.325Z"}
{"level":"info","message":"Listening to port 3000...","timestamp":"2018-11-13T09:27:16.223Z"}
{"level":"info","message":"Server on development environment...","timestamp":"2018-11-13T09:27:16.224Z"}
{"level":"info","message":"Listening to port 3000...","timestamp":"2018-11-13T13:38:31.600Z"}
{"level":"info","message":"Server on development environment...","timestamp":"2018-11-13T13:38:31.602Z"}
{"level":"info","message":"Listening to port 3000...","timestamp":"2018-11-13T13:39:20.663Z"}
{"level":"info","message":"Server on development environment...","timestamp":"2018-11-13T13:39:20.664Z"}
{"level":"info","message":"Listening to port 3000...","timestamp":"2018-11-13T13:40:33.335Z"}
{"level":"info","message":"Server on development environment...","timestamp":"2018-11-13T13:40:33.337Z"}
{"level":"info","message":"Listening to port 3000...","timestamp":"2018-11-13T13:45:02.531Z"}
{"level":"info","message":"Server on development environment...","timestamp":"2018-11-13T13:45:02.533Z"}
{"level":"info","message":"Listening to port 3000...","timestamp":"2018-11-13T13:51:43.169Z"}
{"level":"info","message":"Server on development environment...","timestamp":"2018-11-13T13:51:43.170Z"}
{"level":"info","message":"Listening to port 3000...","timestamp":"2018-11-13T13:57:15.708Z"}
{"level":"info","message":"Server on development environment...","timestamp":"2018-11-13T13:57:15.709Z"}
{"level":"info","message":"Listening to port 3000...","timestamp":"2018-11-13T14:00:09.947Z"}
{"level":"info","message":"Server on development environment...","timestamp":"2018-11-13T14:00:09.949Z"}
{"level":"info","message":"Listening to port 3000...","timestamp":"2018-11-13T14:02:13.812Z"}
{"level":"info","message":"Server on development environment...","timestamp":"2018-11-13T14:02:13.813Z"}
{"level":"info","message":"Listening to port 3000...","timestamp":"2018-11-13T14:02:34.639Z"}
{"level":"info","message":"Server on development environment...","timestamp":"2018-11-13T14:02:34.641Z"}
{"level":"info","message":"Listening to port 3000...","timestamp":"2018-11-13T14:04:03.728Z"}
{"level":"info","message":"Server on development environment...","timestamp":"2018-11-13T14:04:03.730Z"}
{"level":"info","message":"Listening to port 3000...","timestamp":"2018-11-13T14:05:18.706Z"}
{"level":"info","message":"Server on development environment...","timestamp":"2018-11-13T14:05:18.708Z"}
{"level":"info","message":"Listening to port 3000...","timestamp":"2018-11-13T14:07:40.914Z"}
{"level":"info","message":"Server on development environment...","timestamp":"2018-11-13T14:07:40.917Z"}
{"level":"info","message":"Listening to port 3000...","timestamp":"2018-11-13T14:08:25.289Z"}
{"level":"info","message":"Server on development environment...","timestamp":"2018-11-13T14:08:25.291Z"}
{"level":"info","message":"Listening to port 3000...","timestamp":"2018-11-13T14:08:46.353Z"}
{"level":"info","message":"Server on development environment...","timestamp":"2018-11-13T14:08:46.354Z"}
{"level":"info","message":"Listening to port 3000...","timestamp":"2018-11-13T14:10:15.873Z"}
{"level":"info","message":"Server on development environment...","timestamp":"2018-11-13T14:10:15.876Z"}
{"level":"info","message":"Listening to port 3000...","timestamp":"2018-11-13T14:12:37.508Z"}
{"level":"info","message":"Server on development environment...","timestamp":"2018-11-13T14:12:37.510Z"}
{"level":"info","message":"Listening to port 3000...","timestamp":"2018-11-13T14:13:27.988Z"}
{"level":"info","message":"Server on development environment...","timestamp":"2018-11-13T14:13:27.990Z"}
